The following modules were not unloaded:
  (Use "module --force purge" to unload all):

  1) databases   2) releases/2023a   3) tis/2025
Job start at Wed Dec 31 12:46:20 PM CET 2025
Using device: cuda

========================================
Training CNN9 (eta=0.1, K=1000, tol=1e-06)
========================================
[Step 0] Global Cos: 1.0000 | Global RelErr: 0.0021 | NormRatio: 1.0001 | SNR: 221392.97 | Last K: 999
[Step 100] Global Cos: 1.0000 | Global RelErr: 0.0005 | NormRatio: 1.0002 | SNR: 3424762.39 | Last K: 463
[Step 200] Global Cos: 1.0000 | Global RelErr: 0.0014 | NormRatio: 1.0000 | SNR: 496901.21 | Last K: 444
[Step 300] Global Cos: 1.0000 | Global RelErr: 0.0015 | NormRatio: 1.0002 | SNR: 440268.49 | Last K: 413
[Step 400] Global Cos: 1.0000 | Global RelErr: 0.0007 | NormRatio: 1.0000 | SNR: 2285081.90 | Last K: 999
[Step 500] Global Cos: 1.0000 | Global RelErr: 0.0004 | NormRatio: 1.0000 | SNR: 5797867.99 | Last K: 455
[Step 600] Global Cos: 1.0000 | Global RelErr: 0.0007 | NormRatio: 1.0000 | SNR: 2221468.42 | Last K: 429
[Step 700] Global Cos: 1.0000 | Global RelErr: 0.0005 | NormRatio: 1.0000 | SNR: 3950838.69 | Last K: 455
>>> Ep 1: Loss 1.6924 | ACC 33.33% | Avg K: 522.2 | Early Stop: 93.4%
[Step 800] Global Cos: 1.0000 | Global RelErr: 0.0005 | NormRatio: 1.0000 | SNR: 4806713.73 | Last K: 422
[Step 900] Global Cos: 1.0000 | Global RelErr: 0.0007 | NormRatio: 1.0000 | SNR: 2179034.87 | Last K: 443
[Step 1000] Global Cos: 1.0000 | Global RelErr: 0.0005 | NormRatio: 0.9999 | SNR: 4539689.48 | Last K: 999
[Step 1100] Global Cos: 1.0000 | Global RelErr: 0.0005 | NormRatio: 1.0000 | SNR: 4075537.56 | Last K: 584
[Step 1200] Global Cos: 1.0000 | Global RelErr: 0.0009 | NormRatio: 1.0001 | SNR: 1112248.90 | Last K: 420
[Step 1300] Global Cos: 1.0000 | Global RelErr: 0.0004 | NormRatio: 1.0000 | SNR: 5100191.52 | Last K: 476
[Step 1400] Global Cos: 1.0000 | Global RelErr: 0.0003 | NormRatio: 1.0001 | SNR: 9289411.55 | Last K: 452
[Step 1500] Global Cos: 1.0000 | Global RelErr: 0.0004 | NormRatio: 1.0000 | SNR: 6291413.46 | Last K: 904
>>> Ep 2: Loss 1.3643 | ACC 47.05% | Avg K: 516.7 | Early Stop: 95.1%
