The following modules were not unloaded:
  (Use "module --force purge" to unload all):

  1) databases   2) releases/2023a   3) tis/2025
Job start at Tue Dec 30 04:21:20 PM CET 2025
Using device: cuda

========================================
Training CNN9 (eta=0.25, K=1000, tol=1e-06)
========================================
[Step 0] Global Cos: 1.0000 | Global RelErr: 0.0002 | NormRatio: 1.0000 | W9 RelErr: 0.0000 | Last K: 999
[Step 100] Global Cos: 1.0000 | Global RelErr: 0.0003 | NormRatio: 0.9999 | W9 RelErr: 0.0000 | Last K: 156
[Step 200] Global Cos: 1.0000 | Global RelErr: 0.0014 | NormRatio: 1.0000 | W9 RelErr: 0.0000 | Last K: 155
[Step 300] Global Cos: 1.0000 | Global RelErr: 0.0001 | NormRatio: 1.0000 | W9 RelErr: 0.0000 | Last K: 162
[Step 400] Global Cos: 1.0000 | Global RelErr: 0.0002 | NormRatio: 1.0000 | W9 RelErr: 0.0000 | Last K: 165
[Step 500] Global Cos: 1.0000 | Global RelErr: 0.0003 | NormRatio: 1.0001 | W9 RelErr: 0.0000 | Last K: 155
[Step 600] Global Cos: 1.0000 | Global RelErr: 0.0002 | NormRatio: 1.0000 | W9 RelErr: 0.0000 | Last K: 153
[Step 700] Global Cos: 1.0000 | Global RelErr: 0.0001 | NormRatio: 1.0000 | W9 RelErr: 0.0000 | Last K: 166
>>> Ep 1: Loss 1.6972 | ACC 43.68% | Avg K: 192.2
[Step 800] Global Cos: 1.0000 | Global RelErr: 0.0002 | NormRatio: 1.0000 | W9 RelErr: 0.0000 | Last K: 150
[Step 900] Global Cos: 1.0000 | Global RelErr: 0.0001 | NormRatio: 1.0000 | W9 RelErr: 0.0000 | Last K: 167
[Step 1000] Global Cos: 1.0000 | Global RelErr: 0.0002 | NormRatio: 1.0000 | W9 RelErr: 0.0000 | Last K: 156
[Step 1100] Global Cos: 1.0000 | Global RelErr: 0.0007 | NormRatio: 1.0000 | W9 RelErr: 0.0000 | Last K: 198
[Step 1200] Global Cos: 1.0000 | Global RelErr: 0.0001 | NormRatio: 1.0000 | W9 RelErr: 0.0000 | Last K: 152
[Step 1300] Global Cos: 1.0000 | Global RelErr: 0.0002 | NormRatio: 1.0000 | W9 RelErr: 0.0000 | Last K: 165
[Step 1400] Global Cos: 1.0000 | Global RelErr: 0.0002 | NormRatio: 1.0000 | W9 RelErr: 0.0000 | Last K: 152
[Step 1500] Global Cos: 1.0000 | Global RelErr: 0.0002 | NormRatio: 1.0000 | W9 RelErr: 0.0000 | Last K: 185
>>> Ep 2: Loss 1.3522 | ACC 54.93% | Avg K: 172.9
[Step 1600] Global Cos: 1.0000 | Global RelErr: 0.0002 | NormRatio: 1.0000 | W9 RelErr: 0.0000 | Last K: 153
[Step 1700] Global Cos: 1.0000 | Global RelErr: 0.0070 | NormRatio: 0.9999 | W9 RelErr: 0.0000 | Last K: 214
[Step 1800] Global Cos: 1.0000 | Global RelErr: 0.0001 | NormRatio: 1.0000 | W9 RelErr: 0.0000 | Last K: 150
[Step 1900] Global Cos: 1.0000 | Global RelErr: 0.0004 | NormRatio: 1.0000 | W9 RelErr: 0.0000 | Last K: 175
[Step 2000] Global Cos: 1.0000 | Global RelErr: 0.0005 | NormRatio: 1.0000 | W9 RelErr: 0.0000 | Last K: 152
[Step 2100] Global Cos: 1.0000 | Global RelErr: 0.0002 | NormRatio: 1.0000 | W9 RelErr: 0.0000 | Last K: 170
[Step 2200] Global Cos: 1.0000 | Global RelErr: 0.0003 | NormRatio: 1.0000 | W9 RelErr: 0.0000 | Last K: 146
[Step 2300] Global Cos: 1.0000 | Global RelErr: 0.0007 | NormRatio: 1.0000 | W9 RelErr: 0.0000 | Last K: 151
>>> Ep 3: Loss 1.1672 | ACC 64.32% | Avg K: 158.2
[Step 2400] Global Cos: 1.0000 | Global RelErr: 0.0001 | NormRatio: 1.0000 | W9 RelErr: 0.0000 | Last K: 172
[Step 2500] Global Cos: 1.0000 | Global RelErr: 0.0004 | NormRatio: 1.0001 | W9 RelErr: 0.0000 | Last K: 154
[Step 2600] Global Cos: 1.0000 | Global RelErr: 0.0002 | NormRatio: 1.0000 | W9 RelErr: 0.0000 | Last K: 146
[Step 2700] Global Cos: 1.0000 | Global RelErr: 0.0002 | NormRatio: 1.0000 | W9 RelErr: 0.0000 | Last K: 148
[Step 2800] Global Cos: 1.0000 | Global RelErr: 0.0002 | NormRatio: 1.0000 | W9 RelErr: 0.0000 | Last K: 145
[Step 2900] Global Cos: 1.0000 | Global RelErr: 0.0002 | NormRatio: 1.0000 | W9 RelErr: 0.0000 | Last K: 149
[Step 3000] Global Cos: 1.0000 | Global RelErr: 0.0002 | NormRatio: 1.0000 | W9 RelErr: 0.0000 | Last K: 147
[Step 3100] Global Cos: 1.0000 | Global RelErr: 0.0012 | NormRatio: 1.0000 | W9 RelErr: 0.0000 | Last K: 204
>>> Ep 4: Loss 1.0242 | ACC 70.69% | Avg K: 152.2
