The following modules were not unloaded:
  (Use "module --force purge" to unload all):

  1) databases   2) releases/2023a   3) tis/2025
Job start at Wed Dec 31 12:47:08 PM CET 2025
Using device: cuda

========================================
Training CNN9 (eta=0.25, K=1000, tol=1e-06)
========================================
[Step 0] Global Cos: 1.0000 | Global RelErr: 0.0021 | NormRatio: 1.0001 | SNR: 225836.50 | Last K: 999
[Step 100] Global Cos: 1.0000 | Global RelErr: 0.0003 | NormRatio: 1.0000 | SNR: 10017061.95 | Last K: 163
[Step 200] Global Cos: 1.0000 | Global RelErr: 0.0002 | NormRatio: 1.0001 | SNR: 16755101.85 | Last K: 164
[Step 300] Global Cos: 1.0000 | Global RelErr: 0.0008 | NormRatio: 1.0000 | SNR: 1394537.77 | Last K: 192
[Step 400] Global Cos: 1.0000 | Global RelErr: 0.0002 | NormRatio: 1.0000 | SNR: 19942746.41 | Last K: 156
[Step 500] Global Cos: 1.0000 | Global RelErr: 0.0002 | NormRatio: 1.0000 | SNR: 18763069.33 | Last K: 180
[Step 600] Global Cos: 1.0000 | Global RelErr: 0.0013 | NormRatio: 1.0000 | SNR: 609999.84 | Last K: 162
[Step 700] Global Cos: 1.0000 | Global RelErr: 0.0002 | NormRatio: 1.0000 | SNR: 32495570.20 | Last K: 159
>>> Ep 1: Loss 1.7301 | ACC 32.02% | Avg K: 183.1 | Early Stop: 99.0%
[Step 800] Global Cos: 1.0000 | Global RelErr: 0.0003 | NormRatio: 1.0001 | SNR: 10134660.75 | Last K: 179
[Step 900] Global Cos: 1.0000 | Global RelErr: 0.0001 | NormRatio: 1.0000 | SNR: 64825537.56 | Last K: 158
[Step 1000] Global Cos: 1.0000 | Global RelErr: 0.0002 | NormRatio: 1.0000 | SNR: 18231137.66 | Last K: 176
[Step 1100] Global Cos: 1.0000 | Global RelErr: 0.0001 | NormRatio: 1.0000 | SNR: 51109538.96 | Last K: 176
[Step 1200] Global Cos: 1.0000 | Global RelErr: 0.0002 | NormRatio: 1.0000 | SNR: 33954459.73 | Last K: 152
[Step 1300] Global Cos: 1.0000 | Global RelErr: 0.0002 | NormRatio: 1.0000 | SNR: 31769182.28 | Last K: 154
[Step 1400] Global Cos: 1.0000 | Global RelErr: 0.0002 | NormRatio: 1.0000 | SNR: 20038615.90 | Last K: 153
[Step 1500] Global Cos: 1.0000 | Global RelErr: 0.0003 | NormRatio: 1.0000 | SNR: 15183828.67 | Last K: 179
>>> Ep 2: Loss 1.3608 | ACC 46.64% | Avg K: 168.3 | Early Stop: 100.0%
[Step 1600] Global Cos: 1.0000 | Global RelErr: 0.0002 | NormRatio: 1.0000 | SNR: 20317997.21 | Last K: 165
[Step 1700] Global Cos: 1.0000 | Global RelErr: 0.0007 | NormRatio: 1.0000 | SNR: 2135461.41 | Last K: 166
[Step 1800] Global Cos: 1.0000 | Global RelErr: 0.0001 | NormRatio: 1.0000 | SNR: 49967316.74 | Last K: 158
[Step 1900] Global Cos: 1.0000 | Global RelErr: 0.0003 | NormRatio: 1.0000 | SNR: 14258595.90 | Last K: 160
[Step 2000] Global Cos: 1.0000 | Global RelErr: 0.0003 | NormRatio: 1.0001 | SNR: 9298951.76 | Last K: 205
[Step 2100] Global Cos: 1.0000 | Global RelErr: 0.0004 | NormRatio: 1.0000 | SNR: 7238718.70 | Last K: 199
[Step 2200] Global Cos: 1.0000 | Global RelErr: 0.0024 | NormRatio: 1.0000 | SNR: 170599.75 | Last K: 155
[Step 2300] Global Cos: 1.0000 | Global RelErr: 0.0002 | NormRatio: 1.0000 | SNR: 28618838.63 | Last K: 152
>>> Ep 3: Loss 1.1636 | ACC 55.78% | Avg K: 159.7 | Early Stop: 100.0%
[Step 2400] Global Cos: 1.0000 | Global RelErr: 0.0006 | NormRatio: 1.0000 | SNR: 2889208.11 | Last K: 160
[Step 2500] Global Cos: 1.0000 | Global RelErr: 0.0003 | NormRatio: 1.0000 | SNR: 12123994.82 | Last K: 149
[Step 2600] Global Cos: 1.0000 | Global RelErr: 0.0002 | NormRatio: 1.0000 | SNR: 38202075.64 | Last K: 143
[Step 2700] Global Cos: 1.0000 | Global RelErr: 0.0003 | NormRatio: 1.0000 | SNR: 12968845.75 | Last K: 149
[Step 2800] Global Cos: 1.0000 | Global RelErr: 0.0002 | NormRatio: 1.0000 | SNR: 24763919.58 | Last K: 142
[Step 2900] Global Cos: 1.0000 | Global RelErr: 0.0002 | NormRatio: 1.0000 | SNR: 18820586.90 | Last K: 145
[Step 3000] Global Cos: 1.0000 | Global RelErr: 0.0005 | NormRatio: 1.0000 | SNR: 3982069.02 | Last K: 171
[Step 3100] Global Cos: 1.0000 | Global RelErr: 0.0002 | NormRatio: 1.0000 | SNR: 17059720.33 | Last K: 152
>>> Ep 4: Loss 1.0271 | ACC 62.70% | Avg K: 153.1 | Early Stop: 99.9%
[Step 3200] Global Cos: 1.0000 | Global RelErr: 0.0002 | NormRatio: 1.0000 | SNR: 35850808.63 | Last K: 144
[Step 3300] Global Cos: 1.0000 | Global RelErr: 0.0002 | NormRatio: 1.0000 | SNR: 28435386.48 | Last K: 143
[Step 3400] Global Cos: 1.0000 | Global RelErr: 0.0002 | NormRatio: 1.0000 | SNR: 38055314.72 | Last K: 142
[Step 3500] Global Cos: 1.0000 | Global RelErr: 0.0003 | NormRatio: 1.0000 | SNR: 13034399.21 | Last K: 146
[Step 3600] Global Cos: 1.0000 | Global RelErr: 0.0002 | NormRatio: 1.0000 | SNR: 28187291.36 | Last K: 142
[Step 3700] Global Cos: 1.0000 | Global RelErr: 0.0002 | NormRatio: 1.0000 | SNR: 42178806.64 | Last K: 142
[Step 3800] Global Cos: 1.0000 | Global RelErr: 0.0049 | NormRatio: 1.0000 | SNR: 41779.13 | Last K: 175
[Step 3900] Global Cos: 1.0000 | Global RelErr: 0.0002 | NormRatio: 1.0000 | SNR: 33034986.71 | Last K: 143
>>> Ep 5: Loss 0.9371 | ACC 68.80% | Avg K: 148.5 | Early Stop: 100.0%
[Step 4000] Global Cos: 1.0000 | Global RelErr: 0.0002 | NormRatio: 1.0000 | SNR: 27543299.04 | Last K: 153
[Step 4100] Global Cos: 1.0000 | Global RelErr: 0.0002 | NormRatio: 1.0000 | SNR: 27030230.78 | Last K: 155
[Step 4200] Global Cos: 1.0000 | Global RelErr: 0.0002 | NormRatio: 1.0000 | SNR: 30161722.66 | Last K: 141
[Step 4300] Global Cos: 1.0000 | Global RelErr: 0.0005 | NormRatio: 1.0000 | SNR: 4343701.71 | Last K: 154
[Step 4400] Global Cos: 1.0000 | Global RelErr: 0.0002 | NormRatio: 1.0000 | SNR: 20823121.94 | Last K: 140
[Step 4500] Global Cos: 1.0000 | Global RelErr: 0.0002 | NormRatio: 1.0000 | SNR: 27449045.49 | Last K: 140
[Step 4600] Global Cos: 1.0000 | Global RelErr: 0.0002 | NormRatio: 1.0000 | SNR: 23060144.70 | Last K: 143
>>> Ep 6: Loss 0.8741 | ACC 73.46% | Avg K: 146.7 | Early Stop: 99.9%
