The following modules were not unloaded:
  (Use "module --force purge" to unload all):

  1) databases   2) releases/2023a   3) tis/2025
Job start at Mon Dec 29 05:15:28 PM CET 2025
Using device: cuda

Training CNN9 (eta=1.0)...
[Step 0] CosSim: 1.0000 | RelErr: 0.0006
[Step 100] CosSim: 1.0000 | RelErr: 0.0018
[Step 200] CosSim: 1.0000 | RelErr: 0.0029
[Step 300] CosSim: 1.0000 | RelErr: 0.0010
[Step 400] CosSim: 1.0000 | RelErr: 0.0006
[Step 500] CosSim: 1.0000 | RelErr: 0.0009
[Step 600] CosSim: 1.0000 | RelErr: 0.0041
[Step 700] CosSim: 1.0000 | RelErr: 0.0011
>>> Ep 1: Loss 1.7097 | ACC 34.59% | Avg K: 19.0
[Step 800] CosSim: 1.0000 | RelErr: 0.0014
[Step 900] CosSim: 1.0000 | RelErr: 0.0002
[Step 1000] CosSim: 1.0000 | RelErr: 0.0001
[Step 1100] CosSim: 1.0000 | RelErr: 0.0001
[Step 1200] CosSim: 1.0000 | RelErr: 0.0009
[Step 1300] CosSim: 1.0000 | RelErr: 0.0001
[Step 1400] CosSim: 1.0000 | RelErr: 0.0001
[Step 1500] CosSim: 1.0000 | RelErr: 0.0007
>>> Ep 2: Loss 1.3521 | ACC 46.67% | Avg K: 19.0
[Step 1600] CosSim: 1.0000 | RelErr: 0.0004
[Step 1700] CosSim: 1.0000 | RelErr: 0.0001
[Step 1800] CosSim: 1.0000 | RelErr: 0.0001
[Step 1900] CosSim: 1.0000 | RelErr: 0.0003
[Step 2000] CosSim: 1.0000 | RelErr: 0.0001
[Step 2100] CosSim: 1.0000 | RelErr: 0.0003
[Step 2200] CosSim: 1.0000 | RelErr: 0.0011
[Step 2300] CosSim: 1.0000 | RelErr: 0.0001
>>> Ep 3: Loss 1.1588 | ACC 54.55% | Avg K: 19.0
[Step 2400] CosSim: 1.0000 | RelErr: 0.0001
[Step 2500] CosSim: 1.0000 | RelErr: 0.0002
[Step 2600] CosSim: 1.0000 | RelErr: 0.0011
[Step 2700] CosSim: 1.0000 | RelErr: 0.0005
[Step 2800] CosSim: 1.0000 | RelErr: 0.0009
[Step 2900] CosSim: 1.0000 | RelErr: 0.0001
[Step 3000] CosSim: 1.0000 | RelErr: 0.0016
[Step 3100] CosSim: 1.0000 | RelErr: 0.0001
>>> Ep 4: Loss 1.0268 | ACC 62.56% | Avg K: 19.0
[Step 3200] CosSim: 1.0000 | RelErr: 0.0001
[Step 3300] CosSim: 1.0000 | RelErr: 0.0001
[Step 3400] CosSim: 1.0000 | RelErr: 0.0011
[Step 3500] CosSim: 1.0000 | RelErr: 0.0004
[Step 3600] CosSim: 1.0000 | RelErr: 0.0002
[Step 3700] CosSim: 1.0000 | RelErr: 0.0008
[Step 3800] CosSim: 1.0000 | RelErr: 0.0001
[Step 3900] CosSim: 1.0000 | RelErr: 0.0001
>>> Ep 5: Loss 0.9402 | ACC 69.36% | Avg K: 19.0
[Step 4000] CosSim: 1.0000 | RelErr: 0.0001
[Step 4100] CosSim: 1.0000 | RelErr: 0.0001
[Step 4200] CosSim: 1.0000 | RelErr: 0.0009
[Step 4300] CosSim: 1.0000 | RelErr: 0.0001
[Step 4400] CosSim: 1.0000 | RelErr: 0.0029
[Step 4500] CosSim: 1.0000 | RelErr: 0.0010
[Step 4600] CosSim: 1.0000 | RelErr: 0.0001
>>> Ep 6: Loss 0.8752 | ACC 73.22% | Avg K: 19.0
[Step 4700] CosSim: 1.0000 | RelErr: 0.0002
[Step 4800] CosSim: 1.0000 | RelErr: 0.0002
[Step 4900] CosSim: 1.0000 | RelErr: 0.0001
[Step 5000] CosSim: 1.0000 | RelErr: 0.0001
[Step 5100] CosSim: 1.0000 | RelErr: 0.0014
[Step 5200] CosSim: 1.0000 | RelErr: 0.0004
[Step 5300] CosSim: 1.0000 | RelErr: 0.0001
[Step 5400] CosSim: 1.0000 | RelErr: 0.0002
>>> Ep 7: Loss 0.8176 | ACC 76.57% | Avg K: 19.0
[Step 5500] CosSim: 1.0000 | RelErr: 0.0009
[Step 5600] CosSim: 1.0000 | RelErr: 0.0001
[Step 5700] CosSim: 1.0000 | RelErr: 0.0001
[Step 5800] CosSim: 1.0000 | RelErr: 0.0001
[Step 5900] CosSim: 1.0000 | RelErr: 0.0001
[Step 6000] CosSim: 1.0000 | RelErr: 0.0001
[Step 6100] CosSim: 1.0000 | RelErr: 0.0006
[Step 6200] CosSim: 1.0000 | RelErr: 0.0015
>>> Ep 8: Loss 0.7888 | ACC 79.08% | Avg K: 19.0
[Step 6300] CosSim: 1.0000 | RelErr: 0.0019
[Step 6400] CosSim: 1.0000 | RelErr: 0.0001
[Step 6500] CosSim: 1.0000 | RelErr: 0.0001
[Step 6600] CosSim: 1.0000 | RelErr: 0.0003
[Step 6700] CosSim: 1.0000 | RelErr: 0.0011
[Step 6800] CosSim: 1.0000 | RelErr: 0.0002
[Step 6900] CosSim: 1.0000 | RelErr: 0.0003
[Step 7000] CosSim: 1.0000 | RelErr: 0.0028
>>> Ep 9: Loss 0.7535 | ACC 80.74% | Avg K: 19.0
[Step 7100] CosSim: 1.0000 | RelErr: 0.0029
[Step 7200] CosSim: 1.0000 | RelErr: 0.0023
[Step 7300] CosSim: 1.0000 | RelErr: 0.0001
[Step 7400] CosSim: 1.0000 | RelErr: 0.0001
[Step 7500] CosSim: 1.0000 | RelErr: 0.0001
[Step 7600] CosSim: 1.0000 | RelErr: 0.0013
[Step 7700] CosSim: 1.0000 | RelErr: 0.0001
[Step 7800] CosSim: 1.0000 | RelErr: 0.0011
>>> Ep 10: Loss 0.7227 | ACC 81.96% | Avg K: 19.0
[Step 7900] CosSim: 1.0000 | RelErr: 0.0001
[Step 8000] CosSim: 1.0000 | RelErr: 0.0004
[Step 8100] CosSim: 1.0000 | RelErr: 0.0001
[Step 8200] CosSim: 1.0000 | RelErr: 0.0032
[Step 8300] CosSim: 1.0000 | RelErr: 0.0001
[Step 8400] CosSim: 1.0000 | RelErr: 0.0002
[Step 8500] CosSim: 1.0000 | RelErr: 0.0001
[Step 8600] CosSim: 1.0000 | RelErr: 0.0001
>>> Ep 11: Loss 0.6951 | ACC 83.08% | Avg K: 19.0
[Step 8700] CosSim: 1.0000 | RelErr: 0.0001
[Step 8800] CosSim: 1.0000 | RelErr: 0.0001
[Step 8900] CosSim: 1.0000 | RelErr: 0.0020
[Step 9000] CosSim: 1.0000 | RelErr: 0.0001
[Step 9100] CosSim: 1.0000 | RelErr: 0.0001
[Step 9200] CosSim: 1.0000 | RelErr: 0.0001
[Step 9300] CosSim: 1.0000 | RelErr: 0.0012
>>> Ep 12: Loss 0.6792 | ACC 83.81% | Avg K: 19.0
[Step 9400] CosSim: 1.0000 | RelErr: 0.0002
[Step 9500] CosSim: 1.0000 | RelErr: 0.0001
[Step 9600] CosSim: 1.0000 | RelErr: 0.0007
[Step 9700] CosSim: 1.0000 | RelErr: 0.0001
[Step 9800] CosSim: 1.0000 | RelErr: 0.0005
[Step 9900] CosSim: 1.0000 | RelErr: 0.0035
[Step 10000] CosSim: 1.0000 | RelErr: 0.0025
[Step 10100] CosSim: 1.0000 | RelErr: 0.0002
>>> Ep 13: Loss 0.6640 | ACC 84.45% | Avg K: 19.0
[Step 10200] CosSim: 1.0000 | RelErr: 0.0001
[Step 10300] CosSim: 1.0000 | RelErr: 0.0002
[Step 10400] CosSim: 1.0000 | RelErr: 0.0001
[Step 10500] CosSim: 1.0000 | RelErr: 0.0014
[Step 10600] CosSim: 1.0000 | RelErr: 0.0004
[Step 10700] CosSim: 1.0000 | RelErr: 0.0026
[Step 10800] CosSim: 1.0000 | RelErr: 0.0001
[Step 10900] CosSim: 1.0000 | RelErr: 0.0001
>>> Ep 14: Loss 0.6485 | ACC 85.16% | Avg K: 19.0
[Step 11000] CosSim: 1.0000 | RelErr: 0.0002
[Step 11100] CosSim: 1.0000 | RelErr: 0.0001
[Step 11200] CosSim: 1.0000 | RelErr: 0.0035
[Step 11300] CosSim: 1.0000 | RelErr: 0.0001
[Step 11400] CosSim: 1.0000 | RelErr: 0.0001
[Step 11500] CosSim: 1.0000 | RelErr: 0.0002
[Step 11600] CosSim: 1.0000 | RelErr: 0.0001
[Step 11700] CosSim: 1.0000 | RelErr: 0.0001
>>> Ep 15: Loss 0.6323 | ACC 85.55% | Avg K: 19.0
[Step 11800] CosSim: 1.0000 | RelErr: 0.0001
[Step 11900] CosSim: 1.0000 | RelErr: 0.0002
[Step 12000] CosSim: 1.0000 | RelErr: 0.0001
[Step 12100] CosSim: 1.0000 | RelErr: 0.0001
[Step 12200] CosSim: 1.0000 | RelErr: 0.0001
[Step 12300] CosSim: 1.0000 | RelErr: 0.0003
[Step 12400] CosSim: 1.0000 | RelErr: 0.0001
[Step 12500] CosSim: 1.0000 | RelErr: 0.0001
>>> Ep 16: Loss 0.6154 | ACC 85.77% | Avg K: 19.0
[Step 12600] CosSim: 1.0000 | RelErr: 0.0008
[Step 12700] CosSim: 1.0000 | RelErr: 0.0001
[Step 12800] CosSim: 1.0000 | RelErr: 0.0001
[Step 12900] CosSim: 1.0000 | RelErr: 0.0001
[Step 13000] CosSim: 1.0000 | RelErr: 0.0001
[Step 13100] CosSim: 1.0000 | RelErr: 0.0001
[Step 13200] CosSim: 1.0000 | RelErr: 0.0014
>>> Ep 17: Loss 0.6068 | ACC 86.36% | Avg K: 19.0
[Step 13300] CosSim: 1.0000 | RelErr: 0.0001
[Step 13400] CosSim: 1.0000 | RelErr: 0.0017
[Step 13500] CosSim: 1.0000 | RelErr: 0.0001
[Step 13600] CosSim: 1.0000 | RelErr: 0.0001
[Step 13700] CosSim: 1.0000 | RelErr: 0.0002
[Step 13800] CosSim: 1.0000 | RelErr: 0.0012
[Step 13900] CosSim: 1.0000 | RelErr: 0.0001
[Step 14000] CosSim: 1.0000 | RelErr: 0.0001
>>> Ep 18: Loss 0.5913 | ACC 86.66% | Avg K: 19.0
[Step 14100] CosSim: 1.0000 | RelErr: 0.0022
[Step 14200] CosSim: 1.0000 | RelErr: 0.0002
[Step 14300] CosSim: 1.0000 | RelErr: 0.0001
[Step 14400] CosSim: 1.0000 | RelErr: 0.0001
[Step 14500] CosSim: 1.0000 | RelErr: 0.0007
[Step 14600] CosSim: 1.0000 | RelErr: 0.0076
[Step 14700] CosSim: 1.0000 | RelErr: 0.0001
[Step 14800] CosSim: 1.0000 | RelErr: 0.0032
>>> Ep 19: Loss 0.5891 | ACC 87.03% | Avg K: 19.0
[Step 14900] CosSim: 1.0000 | RelErr: 0.0021
[Step 15000] CosSim: 1.0000 | RelErr: 0.0012
[Step 15100] CosSim: 1.0000 | RelErr: 0.0003
[Step 15200] CosSim: 1.0000 | RelErr: 0.0002
[Step 15300] CosSim: 1.0000 | RelErr: 0.0001
[Step 15400] CosSim: 1.0000 | RelErr: 0.0001
[Step 15500] CosSim: 1.0000 | RelErr: 0.0001
[Step 15600] CosSim: 1.0000 | RelErr: 0.0001
>>> Ep 20: Loss 0.5726 | ACC 87.38% | Avg K: 19.0
[Step 15700] CosSim: 1.0000 | RelErr: 0.0011
[Step 15800] CosSim: 1.0000 | RelErr: 0.0001
[Step 15900] CosSim: 1.0000 | RelErr: 0.0001
[Step 16000] CosSim: 1.0000 | RelErr: 0.0001
[Step 16100] CosSim: 1.0000 | RelErr: 0.0002
[Step 16200] CosSim: 1.0000 | RelErr: 0.0006
[Step 16300] CosSim: 1.0000 | RelErr: 0.0006
[Step 16400] CosSim: 1.0000 | RelErr: 0.0018
>>> Ep 21: Loss 0.5616 | ACC 87.57% | Avg K: 19.0
[Step 16500] CosSim: 1.0000 | RelErr: 0.0001
[Step 16600] CosSim: 1.0000 | RelErr: 0.0001
[Step 16700] CosSim: 1.0000 | RelErr: 0.0001
[Step 16800] CosSim: 1.0000 | RelErr: 0.0001
[Step 16900] CosSim: 1.0000 | RelErr: 0.0001
[Step 17000] CosSim: 1.0000 | RelErr: 0.0001
[Step 17100] CosSim: 1.0000 | RelErr: 0.0001
[Step 17200] CosSim: 1.0000 | RelErr: 0.0001
>>> Ep 22: Loss 0.5575 | ACC 87.78% | Avg K: 19.0
[Step 17300] CosSim: 1.0000 | RelErr: 0.0001
[Step 17400] CosSim: 1.0000 | RelErr: 0.0002
[Step 17500] CosSim: 1.0000 | RelErr: 0.0002
[Step 17600] CosSim: 1.0000 | RelErr: 0.0007
[Step 17700] CosSim: 1.0000 | RelErr: 0.0001
[Step 17800] CosSim: 1.0000 | RelErr: 0.0001
[Step 17900] CosSim: 1.0000 | RelErr: 0.0001
>>> Ep 23: Loss 0.5403 | ACC 88.18% | Avg K: 19.0
[Step 18000] CosSim: 1.0000 | RelErr: 0.0001
[Step 18100] CosSim: 1.0000 | RelErr: 0.0001
[Step 18200] CosSim: 1.0000 | RelErr: 0.0005
[Step 18300] CosSim: 1.0000 | RelErr: 0.0002
[Step 18400] CosSim: 1.0000 | RelErr: 0.0034
[Step 18500] CosSim: 1.0000 | RelErr: 0.0001
[Step 18600] CosSim: 1.0000 | RelErr: 0.0025
[Step 18700] CosSim: 1.0000 | RelErr: 0.0001
>>> Ep 24: Loss 0.5374 | ACC 88.39% | Avg K: 19.0
[Step 18800] CosSim: 1.0000 | RelErr: 0.0004
[Step 18900] CosSim: 1.0000 | RelErr: 0.0001
[Step 19000] CosSim: 1.0000 | RelErr: 0.0021
[Step 19100] CosSim: 1.0000 | RelErr: 0.0017
[Step 19200] CosSim: 1.0000 | RelErr: 0.0002
[Step 19300] CosSim: 1.0000 | RelErr: 0.0006
[Step 19400] CosSim: 1.0000 | RelErr: 0.0038
[Step 19500] CosSim: 1.0000 | RelErr: 0.0007
>>> Ep 25: Loss 0.5335 | ACC 88.45% | Avg K: 19.0
[Step 19600] CosSim: 1.0000 | RelErr: 0.0001
[Step 19700] CosSim: 1.0000 | RelErr: 0.0001
[Step 19800] CosSim: 1.0000 | RelErr: 0.0001
[Step 19900] CosSim: 1.0000 | RelErr: 0.0003
[Step 20000] CosSim: 1.0000 | RelErr: 0.0002
[Step 20100] CosSim: 1.0000 | RelErr: 0.0005
[Step 20200] CosSim: 1.0000 | RelErr: 0.0004
[Step 20300] CosSim: 1.0000 | RelErr: 0.0001
>>> Ep 26: Loss 0.5219 | ACC 88.70% | Avg K: 19.0
[Step 20400] CosSim: 1.0000 | RelErr: 0.0006
[Step 20500] CosSim: 1.0000 | RelErr: 0.0001
[Step 20600] CosSim: 1.0000 | RelErr: 0.0004
[Step 20700] CosSim: 1.0000 | RelErr: 0.0003
[Step 20800] CosSim: 1.0000 | RelErr: 0.0001
[Step 20900] CosSim: 1.0000 | RelErr: 0.0005
[Step 21000] CosSim: 1.0000 | RelErr: 0.0001
[Step 21100] CosSim: 1.0000 | RelErr: 0.0001
>>> Ep 27: Loss 0.5123 | ACC 88.88% | Avg K: 19.0
[Step 21200] CosSim: 1.0000 | RelErr: 0.0001
[Step 21300] CosSim: 1.0000 | RelErr: 0.0001
[Step 21400] CosSim: 1.0000 | RelErr: 0.0027
[Step 21500] CosSim: 1.0000 | RelErr: 0.0002
[Step 21600] CosSim: 1.0000 | RelErr: 0.0001
[Step 21700] CosSim: 1.0000 | RelErr: 0.0001
[Step 21800] CosSim: 1.0000 | RelErr: 0.0010
>>> Ep 28: Loss 0.5000 | ACC 89.10% | Avg K: 19.0
[Step 21900] CosSim: 1.0000 | RelErr: 0.0001
[Step 22000] CosSim: 1.0000 | RelErr: 0.0025
[Step 22100] CosSim: 1.0000 | RelErr: 0.0004
[Step 22200] CosSim: 1.0000 | RelErr: 0.0001
[Step 22300] CosSim: 1.0000 | RelErr: 0.0001
[Step 22400] CosSim: 1.0000 | RelErr: 0.0007
[Step 22500] CosSim: 1.0000 | RelErr: 0.0019
[Step 22600] CosSim: 1.0000 | RelErr: 0.0003
>>> Ep 29: Loss 0.5021 | ACC 89.35% | Avg K: 19.0
[Step 22700] CosSim: 1.0000 | RelErr: 0.0001
[Step 22800] CosSim: 1.0000 | RelErr: 0.0010
[Step 22900] CosSim: 1.0000 | RelErr: 0.0003
[Step 23000] CosSim: 1.0000 | RelErr: 0.0001
[Step 23100] CosSim: 1.0000 | RelErr: 0.0001
[Step 23200] CosSim: 1.0000 | RelErr: 0.0001
[Step 23300] CosSim: 1.0000 | RelErr: 0.0001
[Step 23400] CosSim: 1.0000 | RelErr: 0.0001
>>> Ep 30: Loss 0.4986 | ACC 89.43% | Avg K: 19.0
[Step 23500] CosSim: 1.0000 | RelErr: 0.0001
[Step 23600] CosSim: 1.0000 | RelErr: 0.0005
[Step 23700] CosSim: 1.0000 | RelErr: 0.0001
[Step 23800] CosSim: 1.0000 | RelErr: 0.0003
[Step 23900] CosSim: 1.0000 | RelErr: 0.0031
[Step 24000] CosSim: 1.0000 | RelErr: 0.0005
[Step 24100] CosSim: 1.0000 | RelErr: 0.0001
[Step 24200] CosSim: 1.0000 | RelErr: 0.0001
>>> Ep 31: Loss 0.4868 | ACC 89.33% | Avg K: 19.0
[Step 24300] CosSim: 1.0000 | RelErr: 0.0001
[Step 24400] CosSim: 1.0000 | RelErr: 0.0001
[Step 24500] CosSim: 1.0000 | RelErr: 0.0001
[Step 24600] CosSim: 1.0000 | RelErr: 0.0001
[Step 24700] CosSim: 1.0000 | RelErr: 0.0001
[Step 24800] CosSim: 1.0000 | RelErr: 0.0002
[Step 24900] CosSim: 1.0000 | RelErr: 0.0005
[Step 25000] CosSim: 1.0000 | RelErr: 0.0001
>>> Ep 32: Loss 0.4742 | ACC 89.46% | Avg K: 19.0
[Step 25100] CosSim: 1.0000 | RelErr: 0.0001
[Step 25200] CosSim: 1.0000 | RelErr: 0.0001
[Step 25300] CosSim: 1.0000 | RelErr: 0.0002
[Step 25400] CosSim: 1.0000 | RelErr: 0.0001
[Step 25500] CosSim: 1.0000 | RelErr: 0.0001
[Step 25600] CosSim: 1.0000 | RelErr: 0.0004
[Step 25700] CosSim: 1.0000 | RelErr: 0.0001
[Step 25800] CosSim: 1.0000 | RelErr: 0.0001
>>> Ep 33: Loss 0.4738 | ACC 89.66% | Avg K: 19.0
[Step 25900] CosSim: 1.0000 | RelErr: 0.0005
[Step 26000] CosSim: 1.0000 | RelErr: 0.0002
[Step 26100] CosSim: 1.0000 | RelErr: 0.0001
[Step 26200] CosSim: 1.0000 | RelErr: 0.0001
[Step 26300] CosSim: 1.0000 | RelErr: 0.0003
[Step 26400] CosSim: 1.0000 | RelErr: 0.0001
[Step 26500] CosSim: 1.0000 | RelErr: 0.0001
>>> Ep 34: Loss 0.4675 | ACC 89.68% | Avg K: 19.0
[Step 26600] CosSim: 1.0000 | RelErr: 0.0002
[Step 26700] CosSim: 1.0000 | RelErr: 0.0019
[Step 26800] CosSim: 1.0000 | RelErr: 0.0001
[Step 26900] CosSim: 1.0000 | RelErr: 0.0001
[Step 27000] CosSim: 1.0000 | RelErr: 0.0001
[Step 27100] CosSim: 1.0000 | RelErr: 0.0001
[Step 27200] CosSim: 1.0000 | RelErr: 0.0001
[Step 27300] CosSim: 1.0000 | RelErr: 0.0001
>>> Ep 35: Loss 0.4637 | ACC 89.87% | Avg K: 19.0
[Step 27400] CosSim: 1.0000 | RelErr: 0.0018
[Step 27500] CosSim: 1.0000 | RelErr: 0.0003
[Step 27600] CosSim: 1.0000 | RelErr: 0.0008
[Step 27700] CosSim: 1.0000 | RelErr: 0.0002
[Step 27800] CosSim: 1.0000 | RelErr: 0.0003
[Step 27900] CosSim: 1.0000 | RelErr: 0.0002
[Step 28000] CosSim: 1.0000 | RelErr: 0.0001
[Step 28100] CosSim: 1.0000 | RelErr: 0.0003
>>> Ep 36: Loss 0.4563 | ACC 89.92% | Avg K: 19.0
[Step 28200] CosSim: 1.0000 | RelErr: 0.0001
[Step 28300] CosSim: 1.0000 | RelErr: 0.0003
[Step 28400] CosSim: 1.0000 | RelErr: 0.0009
[Step 28500] CosSim: 1.0000 | RelErr: 0.0001
[Step 28600] CosSim: 1.0000 | RelErr: 0.0001
[Step 28700] CosSim: 1.0000 | RelErr: 0.0009
[Step 28800] CosSim: 1.0000 | RelErr: 0.0001
[Step 28900] CosSim: 1.0000 | RelErr: 0.0001
>>> Ep 37: Loss 0.4488 | ACC 90.14% | Avg K: 19.0
[Step 29000] CosSim: 1.0000 | RelErr: 0.0002
[Step 29100] CosSim: 1.0000 | RelErr: 0.0003
[Step 29200] CosSim: 1.0000 | RelErr: 0.0001
[Step 29300] CosSim: 1.0000 | RelErr: 0.0001
[Step 29400] CosSim: 1.0000 | RelErr: 0.0001
[Step 29500] CosSim: 1.0000 | RelErr: 0.0006
[Step 29600] CosSim: 1.0000 | RelErr: 0.0003
[Step 29700] CosSim: 1.0000 | RelErr: 0.0001
>>> Ep 38: Loss 0.4468 | ACC 90.37% | Avg K: 19.0
[Step 29800] CosSim: 1.0000 | RelErr: 0.0001
[Step 29900] CosSim: 1.0000 | RelErr: 0.0019
[Step 30000] CosSim: 1.0000 | RelErr: 0.0004
[Step 30100] CosSim: 1.0000 | RelErr: 0.0005
[Step 30200] CosSim: 1.0000 | RelErr: 0.0039
[Step 30300] CosSim: 1.0000 | RelErr: 0.0001
[Step 30400] CosSim: 1.0000 | RelErr: 0.0001
>>> Ep 39: Loss 0.4375 | ACC 90.28% | Avg K: 19.0
[Step 30500] CosSim: 1.0000 | RelErr: 0.0001
[Step 30600] CosSim: 1.0000 | RelErr: 0.0001
[Step 30700] CosSim: 1.0000 | RelErr: 0.0001
[Step 30800] CosSim: 1.0000 | RelErr: 0.0001
[Step 30900] CosSim: 1.0000 | RelErr: 0.0015
[Step 31000] CosSim: 1.0000 | RelErr: 0.0001
[Step 31100] CosSim: 1.0000 | RelErr: 0.0001
[Step 31200] CosSim: 1.0000 | RelErr: 0.0001
>>> Ep 40: Loss 0.4311 | ACC 90.26% | Avg K: 19.0
[Step 31300] CosSim: 1.0000 | RelErr: 0.0001
[Step 31400] CosSim: 1.0000 | RelErr: 0.0002
[Step 31500] CosSim: 1.0000 | RelErr: 0.0001
[Step 31600] CosSim: 1.0000 | RelErr: 0.0005
[Step 31700] CosSim: 1.0000 | RelErr: 0.0001
[Step 31800] CosSim: 1.0000 | RelErr: 0.0001
[Step 31900] CosSim: 1.0000 | RelErr: 0.0004
[Step 32000] CosSim: 1.0000 | RelErr: 0.0022
>>> Ep 41: Loss 0.4276 | ACC 90.43% | Avg K: 19.0
[Step 32100] CosSim: 1.0000 | RelErr: 0.0001
[Step 32200] CosSim: 1.0000 | RelErr: 0.0003
[Step 32300] CosSim: 1.0000 | RelErr: 0.0004
[Step 32400] CosSim: 1.0000 | RelErr: 0.0003
[Step 32500] CosSim: 1.0000 | RelErr: 0.0001
[Step 32600] CosSim: 1.0000 | RelErr: 0.0004
[Step 32700] CosSim: 1.0000 | RelErr: 0.0001
[Step 32800] CosSim: 1.0000 | RelErr: 0.0001
>>> Ep 42: Loss 0.4184 | ACC 90.59% | Avg K: 19.0
[Step 32900] CosSim: 1.0000 | RelErr: 0.0014
[Step 33000] CosSim: 1.0000 | RelErr: 0.0003
[Step 33100] CosSim: 1.0000 | RelErr: 0.0036
[Step 33200] CosSim: 1.0000 | RelErr: 0.0001
[Step 33300] CosSim: 1.0000 | RelErr: 0.0002
[Step 33400] CosSim: 1.0000 | RelErr: 0.0001
[Step 33500] CosSim: 1.0000 | RelErr: 0.0001
[Step 33600] CosSim: 1.0000 | RelErr: 0.0001
>>> Ep 43: Loss 0.4170 | ACC 90.62% | Avg K: 19.0
[Step 33700] CosSim: 1.0000 | RelErr: 0.0002
[Step 33800] CosSim: 1.0000 | RelErr: 0.0001
[Step 33900] CosSim: 1.0000 | RelErr: 0.0001
[Step 34000] CosSim: 1.0000 | RelErr: 0.0004
[Step 34100] CosSim: 1.0000 | RelErr: 0.0003
[Step 34200] CosSim: 1.0000 | RelErr: 0.0006
[Step 34300] CosSim: 1.0000 | RelErr: 0.0005
[Step 34400] CosSim: 1.0000 | RelErr: 0.0002
>>> Ep 44: Loss 0.4051 | ACC 90.82% | Avg K: 19.0
[Step 34500] CosSim: 1.0000 | RelErr: 0.0006
[Step 34600] CosSim: 1.0000 | RelErr: 0.0001
[Step 34700] CosSim: 1.0000 | RelErr: 0.0001
[Step 34800] CosSim: 1.0000 | RelErr: 0.0004
[Step 34900] CosSim: 1.0000 | RelErr: 0.0001
[Step 35000] CosSim: 1.0000 | RelErr: 0.0001
[Step 35100] CosSim: 1.0000 | RelErr: 0.0003
>>> Ep 45: Loss 0.3989 | ACC 90.92% | Avg K: 19.0
[Step 35200] CosSim: 1.0000 | RelErr: 0.0001
[Step 35300] CosSim: 1.0000 | RelErr: 0.0001
[Step 35400] CosSim: 1.0000 | RelErr: 0.0001
[Step 35500] CosSim: 1.0000 | RelErr: 0.0001
[Step 35600] CosSim: 1.0000 | RelErr: 0.0001
[Step 35700] CosSim: 1.0000 | RelErr: 0.0003
[Step 35800] CosSim: 1.0000 | RelErr: 0.0001
[Step 35900] CosSim: 1.0000 | RelErr: 0.0001
>>> Ep 46: Loss 0.3936 | ACC 91.00% | Avg K: 19.0
[Step 36000] CosSim: 1.0000 | RelErr: 0.0001
[Step 36100] CosSim: 1.0000 | RelErr: 0.0008
[Step 36200] CosSim: 1.0000 | RelErr: 0.0001
[Step 36300] CosSim: 1.0000 | RelErr: 0.0001
[Step 36400] CosSim: 1.0000 | RelErr: 0.0001
[Step 36500] CosSim: 1.0000 | RelErr: 0.0005
[Step 36600] CosSim: 1.0000 | RelErr: 0.0001
[Step 36700] CosSim: 1.0000 | RelErr: 0.0001
>>> Ep 47: Loss 0.3877 | ACC 91.16% | Avg K: 19.0
[Step 36800] CosSim: 1.0000 | RelErr: 0.0001
[Step 36900] CosSim: 1.0000 | RelErr: 0.0005
[Step 37000] CosSim: 1.0000 | RelErr: 0.0002
[Step 37100] CosSim: 1.0000 | RelErr: 0.0001
[Step 37200] CosSim: 1.0000 | RelErr: 0.0001
[Step 37300] CosSim: 1.0000 | RelErr: 0.0001
[Step 37400] CosSim: 1.0000 | RelErr: 0.0003
[Step 37500] CosSim: 1.0000 | RelErr: 0.0005
>>> Ep 48: Loss 0.3793 | ACC 91.44% | Avg K: 19.0
[Step 37600] CosSim: 1.0000 | RelErr: 0.0001
[Step 37700] CosSim: 1.0000 | RelErr: 0.0001
[Step 37800] CosSim: 1.0000 | RelErr: 0.0001
[Step 37900] CosSim: 1.0000 | RelErr: 0.0001
[Step 38000] CosSim: 1.0000 | RelErr: 0.0002
[Step 38100] CosSim: 1.0000 | RelErr: 0.0002
[Step 38200] CosSim: 1.0000 | RelErr: 0.0002
[Step 38300] CosSim: 1.0000 | RelErr: 0.0001
>>> Ep 49: Loss 0.3747 | ACC 91.49% | Avg K: 19.0
[Step 38400] CosSim: 1.0000 | RelErr: 0.0001
[Step 38500] CosSim: 1.0000 | RelErr: 0.0001
[Step 38600] CosSim: 1.0000 | RelErr: 0.0004
[Step 38700] CosSim: 1.0000 | RelErr: 0.0001
[Step 38800] CosSim: 1.0000 | RelErr: 0.0001
[Step 38900] CosSim: 1.0000 | RelErr: 0.0014
[Step 39000] CosSim: 1.0000 | RelErr: 0.0001
>>> Ep 50: Loss 0.3668 | ACC 91.53% | Avg K: 19.0
[Step 39100] CosSim: 1.0000 | RelErr: 0.0001
[Step 39200] CosSim: 1.0000 | RelErr: 0.0001
[Step 39300] CosSim: 1.0000 | RelErr: 0.0001
[Step 39400] CosSim: 1.0000 | RelErr: 0.0001
[Step 39500] CosSim: 1.0000 | RelErr: 0.0001
[Step 39600] CosSim: 1.0000 | RelErr: 0.0001
[Step 39700] CosSim: 1.0000 | RelErr: 0.0002
[Step 39800] CosSim: 1.0000 | RelErr: 0.0001
>>> Ep 51: Loss 0.3619 | ACC 91.64% | Avg K: 19.0
[Step 39900] CosSim: 1.0000 | RelErr: 0.0001
[Step 40000] CosSim: 1.0000 | RelErr: 0.0005
[Step 40100] CosSim: 1.0000 | RelErr: 0.0009
[Step 40200] CosSim: 1.0000 | RelErr: 0.0001
[Step 40300] CosSim: 1.0000 | RelErr: 0.0001
[Step 40400] CosSim: 1.0000 | RelErr: 0.0001
[Step 40500] CosSim: 1.0000 | RelErr: 0.0001
[Step 40600] CosSim: 1.0000 | RelErr: 0.0001
>>> Ep 52: Loss 0.3585 | ACC 91.69% | Avg K: 19.0
[Step 40700] CosSim: 1.0000 | RelErr: 0.0002
[Step 40800] CosSim: 1.0000 | RelErr: 0.0007
[Step 40900] CosSim: 1.0000 | RelErr: 0.0005
[Step 41000] CosSim: 1.0000 | RelErr: 0.0002
[Step 41100] CosSim: 1.0000 | RelErr: 0.0001
[Step 41200] CosSim: 1.0000 | RelErr: 0.0014
[Step 41300] CosSim: 1.0000 | RelErr: 0.0002
[Step 41400] CosSim: 1.0000 | RelErr: 0.0001
>>> Ep 53: Loss 0.3539 | ACC 91.71% | Avg K: 19.0
[Step 41500] CosSim: 1.0000 | RelErr: 0.0001
[Step 41600] CosSim: 1.0000 | RelErr: 0.0001
[Step 41700] CosSim: 1.0000 | RelErr: 0.0006
[Step 41800] CosSim: 1.0000 | RelErr: 0.0001
[Step 41900] CosSim: 1.0000 | RelErr: 0.0001
[Step 42000] CosSim: 1.0000 | RelErr: 0.0001
[Step 42100] CosSim: 1.0000 | RelErr: 0.0001
[Step 42200] CosSim: 1.0000 | RelErr: 0.0001
>>> Ep 54: Loss 0.3449 | ACC 91.84% | Avg K: 19.0
[Step 42300] CosSim: 1.0000 | RelErr: 0.0070
[Step 42400] CosSim: 1.0000 | RelErr: 0.0001
[Step 42500] CosSim: 1.0000 | RelErr: 0.0002
[Step 42600] CosSim: 1.0000 | RelErr: 0.0001
[Step 42700] CosSim: 1.0000 | RelErr: 0.0001
[Step 42800] CosSim: 1.0000 | RelErr: 0.0002
[Step 42900] CosSim: 1.0000 | RelErr: 0.0004
[Step 43000] CosSim: 1.0000 | RelErr: 0.0001
>>> Ep 55: Loss 0.3430 | ACC 91.82% | Avg K: 19.0
[Step 43100] CosSim: 1.0000 | RelErr: 0.0002
[Step 43200] CosSim: 1.0000 | RelErr: 0.0001
[Step 43300] CosSim: 1.0000 | RelErr: 0.0001
[Step 43400] CosSim: 1.0000 | RelErr: 0.0001
[Step 43500] CosSim: 1.0000 | RelErr: 0.0001
[Step 43600] CosSim: 1.0000 | RelErr: 0.0001
[Step 43700] CosSim: 1.0000 | RelErr: 0.0001
>>> Ep 56: Loss 0.3317 | ACC 91.81% | Avg K: 19.0
[Step 43800] CosSim: 1.0000 | RelErr: 0.0001
[Step 43900] CosSim: 1.0000 | RelErr: 0.0004
[Step 44000] CosSim: 1.0000 | RelErr: 0.0032
[Step 44100] CosSim: 1.0000 | RelErr: 0.0001
[Step 44200] CosSim: 1.0000 | RelErr: 0.0002
[Step 44300] CosSim: 1.0000 | RelErr: 0.0070
[Step 44400] CosSim: 1.0000 | RelErr: 0.0001
[Step 44500] CosSim: 1.0000 | RelErr: 0.0001
>>> Ep 57: Loss 0.3300 | ACC 91.81% | Avg K: 19.0
[Step 44600] CosSim: 1.0000 | RelErr: 0.0001
[Step 44700] CosSim: 1.0000 | RelErr: 0.0001
[Step 44800] CosSim: 1.0000 | RelErr: 0.0001
[Step 44900] CosSim: 1.0000 | RelErr: 0.0001
[Step 45000] CosSim: 1.0000 | RelErr: 0.0001
[Step 45100] CosSim: 1.0000 | RelErr: 0.0001
[Step 45200] CosSim: 1.0000 | RelErr: 0.0001
[Step 45300] CosSim: 1.0000 | RelErr: 0.0028
>>> Ep 58: Loss 0.3233 | ACC 91.79% | Avg K: 19.0
[Step 45400] CosSim: 1.0000 | RelErr: 0.0001
[Step 45500] CosSim: 1.0000 | RelErr: 0.0001
[Step 45600] CosSim: 1.0000 | RelErr: 0.0003
[Step 45700] CosSim: 1.0000 | RelErr: 0.0004
[Step 45800] CosSim: 1.0000 | RelErr: 0.0004
[Step 45900] CosSim: 1.0000 | RelErr: 0.0001
[Step 46000] CosSim: 1.0000 | RelErr: 0.0001
[Step 46100] CosSim: 1.0000 | RelErr: 0.0001
>>> Ep 59: Loss 0.3157 | ACC 91.89% | Avg K: 19.0
[Step 46200] CosSim: 1.0000 | RelErr: 0.0001
[Step 46300] CosSim: 1.0000 | RelErr: 0.0014
[Step 46400] CosSim: 1.0000 | RelErr: 0.0001
[Step 46500] CosSim: 1.0000 | RelErr: 0.0004
[Step 46600] CosSim: 1.0000 | RelErr: 0.0004
[Step 46700] CosSim: 1.0000 | RelErr: 0.0005
[Step 46800] CosSim: 1.0000 | RelErr: 0.0001
[Step 46900] CosSim: 1.0000 | RelErr: 0.0001
>>> Ep 60: Loss 0.3097 | ACC 92.06% | Avg K: 19.0
[Step 47000] CosSim: 1.0000 | RelErr: 0.0001
[Step 47100] CosSim: 1.0000 | RelErr: 0.0001
[Step 47200] CosSim: 1.0000 | RelErr: 0.0002
[Step 47300] CosSim: 1.0000 | RelErr: 0.0001
[Step 47400] CosSim: 1.0000 | RelErr: 0.0001
[Step 47500] CosSim: 1.0000 | RelErr: 0.0001
[Step 47600] CosSim: 1.0000 | RelErr: 0.0001
[Step 47700] CosSim: 1.0000 | RelErr: 0.0001
>>> Ep 61: Loss 0.3040 | ACC 92.06% | Avg K: 19.0
[Step 47800] CosSim: 1.0000 | RelErr: 0.0001
[Step 47900] CosSim: 1.0000 | RelErr: 0.0001
[Step 48000] CosSim: 1.0000 | RelErr: 0.0001
[Step 48100] CosSim: 1.0000 | RelErr: 0.0006
[Step 48200] CosSim: 1.0000 | RelErr: 0.0001
[Step 48300] CosSim: 1.0000 | RelErr: 0.0002
[Step 48400] CosSim: 1.0000 | RelErr: 0.0008
>>> Ep 62: Loss 0.2970 | ACC 91.96% | Avg K: 19.0
[Step 48500] CosSim: 1.0000 | RelErr: 0.0001
[Step 48600] CosSim: 1.0000 | RelErr: 0.0008
[Step 48700] CosSim: 1.0000 | RelErr: 0.0001
[Step 48800] CosSim: 1.0000 | RelErr: 0.0006
[Step 48900] CosSim: 1.0000 | RelErr: 0.0009
[Step 49000] CosSim: 1.0000 | RelErr: 0.0001
[Step 49100] CosSim: 1.0000 | RelErr: 0.0002
[Step 49200] CosSim: 1.0000 | RelErr: 0.0008
>>> Ep 63: Loss 0.2890 | ACC 92.02% | Avg K: 19.0
[Step 49300] CosSim: 1.0000 | RelErr: 0.0001
[Step 49400] CosSim: 1.0000 | RelErr: 0.0002
[Step 49500] CosSim: 1.0000 | RelErr: 0.0002
[Step 49600] CosSim: 1.0000 | RelErr: 0.0001
[Step 49700] CosSim: 1.0000 | RelErr: 0.0001
[Step 49800] CosSim: 1.0000 | RelErr: 0.0001
[Step 49900] CosSim: 1.0000 | RelErr: 0.0001
[Step 50000] CosSim: 1.0000 | RelErr: 0.0001
>>> Ep 64: Loss 0.2851 | ACC 92.04% | Avg K: 19.0
[Step 50100] CosSim: 1.0000 | RelErr: 0.0001
[Step 50200] CosSim: 1.0000 | RelErr: 0.0002
[Step 50300] CosSim: 1.0000 | RelErr: 0.0001
[Step 50400] CosSim: 1.0000 | RelErr: 0.0001
[Step 50500] CosSim: 1.0000 | RelErr: 0.0001
[Step 50600] CosSim: 1.0000 | RelErr: 0.0002
[Step 50700] CosSim: 1.0000 | RelErr: 0.0002
[Step 50800] CosSim: 1.0000 | RelErr: 0.0001
>>> Ep 65: Loss 0.2752 | ACC 92.11% | Avg K: 19.0
[Step 50900] CosSim: 1.0000 | RelErr: 0.0001
[Step 51000] CosSim: 1.0000 | RelErr: 0.0001
[Step 51100] CosSim: 1.0000 | RelErr: 0.0001
[Step 51200] CosSim: 1.0000 | RelErr: 0.0002
[Step 51300] CosSim: 1.0000 | RelErr: 0.0001
[Step 51400] CosSim: 1.0000 | RelErr: 0.0001
[Step 51500] CosSim: 1.0000 | RelErr: 0.0002
[Step 51600] CosSim: 1.0000 | RelErr: 0.0001
>>> Ep 66: Loss 0.2714 | ACC 92.24% | Avg K: 19.0
[Step 51700] CosSim: 1.0000 | RelErr: 0.0001
[Step 51800] CosSim: 1.0000 | RelErr: 0.0010
[Step 51900] CosSim: 1.0000 | RelErr: 0.0001
[Step 52000] CosSim: 1.0000 | RelErr: 0.0018
[Step 52100] CosSim: 1.0000 | RelErr: 0.0001
[Step 52200] CosSim: 1.0000 | RelErr: 0.0001
[Step 52300] CosSim: 1.0000 | RelErr: 0.0001
>>> Ep 67: Loss 0.2691 | ACC 92.29% | Avg K: 19.0
[Step 52400] CosSim: 1.0000 | RelErr: 0.0001
[Step 52500] CosSim: 1.0000 | RelErr: 0.0001
[Step 52600] CosSim: 1.0000 | RelErr: 0.0001
[Step 52700] CosSim: 1.0000 | RelErr: 0.0003
[Step 52800] CosSim: 1.0000 | RelErr: 0.0002
[Step 52900] CosSim: 1.0000 | RelErr: 0.0001
[Step 53000] CosSim: 1.0000 | RelErr: 0.0009
[Step 53100] CosSim: 1.0000 | RelErr: 0.0002
>>> Ep 68: Loss 0.2595 | ACC 92.23% | Avg K: 19.0
[Step 53200] CosSim: 1.0000 | RelErr: 0.0001
[Step 53300] CosSim: 1.0000 | RelErr: 0.0001
[Step 53400] CosSim: 1.0000 | RelErr: 0.0001
[Step 53500] CosSim: 1.0000 | RelErr: 0.0011
[Step 53600] CosSim: 1.0000 | RelErr: 0.0004
[Step 53700] CosSim: 1.0000 | RelErr: 0.0001
[Step 53800] CosSim: 1.0000 | RelErr: 0.0001
[Step 53900] CosSim: 1.0000 | RelErr: 0.0002
>>> Ep 69: Loss 0.2546 | ACC 92.34% | Avg K: 19.0
[Step 54000] CosSim: 1.0000 | RelErr: 0.0001
[Step 54100] CosSim: 1.0000 | RelErr: 0.0009
[Step 54200] CosSim: 1.0000 | RelErr: 0.0001
[Step 54300] CosSim: 1.0000 | RelErr: 0.0001
[Step 54400] CosSim: 1.0000 | RelErr: 0.0001
[Step 54500] CosSim: 1.0000 | RelErr: 0.0001
[Step 54600] CosSim: 1.0000 | RelErr: 0.0002
[Step 54700] CosSim: 1.0000 | RelErr: 0.0001
>>> Ep 70: Loss 0.2487 | ACC 92.43% | Avg K: 19.0
[Step 54800] CosSim: 1.0000 | RelErr: 0.0001
[Step 54900] CosSim: 1.0000 | RelErr: 0.0001
[Step 55000] CosSim: 1.0000 | RelErr: 0.0001
[Step 55100] CosSim: 1.0000 | RelErr: 0.0001
[Step 55200] CosSim: 1.0000 | RelErr: 0.0001
[Step 55300] CosSim: 1.0000 | RelErr: 0.0011
[Step 55400] CosSim: 1.0000 | RelErr: 0.0001
[Step 55500] CosSim: 1.0000 | RelErr: 0.0001
>>> Ep 71: Loss 0.2423 | ACC 92.41% | Avg K: 19.0
[Step 55600] CosSim: 1.0000 | RelErr: 0.0001
[Step 55700] CosSim: 1.0000 | RelErr: 0.0034
[Step 55800] CosSim: 1.0000 | RelErr: 0.0001
[Step 55900] CosSim: 1.0000 | RelErr: 0.0001
[Step 56000] CosSim: 1.0000 | RelErr: 0.0001
[Step 56100] CosSim: 1.0000 | RelErr: 0.0001
[Step 56200] CosSim: 1.0000 | RelErr: 0.0012
[Step 56300] CosSim: 1.0000 | RelErr: 0.0001
>>> Ep 72: Loss 0.2415 | ACC 92.35% | Avg K: 19.0
[Step 56400] CosSim: 1.0000 | RelErr: 0.0005
[Step 56500] CosSim: 1.0000 | RelErr: 0.0001
[Step 56600] CosSim: 1.0000 | RelErr: 0.0001
[Step 56700] CosSim: 1.0000 | RelErr: 0.0002
[Step 56800] CosSim: 1.0000 | RelErr: 0.0005
[Step 56900] CosSim: 1.0000 | RelErr: 0.0001
[Step 57000] CosSim: 1.0000 | RelErr: 0.0001
>>> Ep 73: Loss 0.2351 | ACC 92.30% | Avg K: 19.0
[Step 57100] CosSim: 1.0000 | RelErr: 0.0001
[Step 57200] CosSim: 1.0000 | RelErr: 0.0001
[Step 57300] CosSim: 1.0000 | RelErr: 0.0001
[Step 57400] CosSim: 1.0000 | RelErr: 0.0001
[Step 57500] CosSim: 1.0000 | RelErr: 0.0003
[Step 57600] CosSim: 1.0000 | RelErr: 0.0001
[Step 57700] CosSim: 1.0000 | RelErr: 0.0002
[Step 57800] CosSim: 1.0000 | RelErr: 0.0001
>>> Ep 74: Loss 0.2282 | ACC 92.34% | Avg K: 19.0
[Step 57900] CosSim: 1.0000 | RelErr: 0.0001
[Step 58000] CosSim: 1.0000 | RelErr: 0.0007
[Step 58100] CosSim: 1.0000 | RelErr: 0.0001
[Step 58200] CosSim: 1.0000 | RelErr: 0.0001
[Step 58300] CosSim: 1.0000 | RelErr: 0.0001
[Step 58400] CosSim: 1.0000 | RelErr: 0.0001
[Step 58500] CosSim: 1.0000 | RelErr: 0.0001
[Step 58600] CosSim: 1.0000 | RelErr: 0.0007
>>> Ep 75: Loss 0.2227 | ACC 92.39% | Avg K: 19.0
[Step 58700] CosSim: 1.0000 | RelErr: 0.0003
[Step 58800] CosSim: 1.0000 | RelErr: 0.0002
[Step 58900] CosSim: 1.0000 | RelErr: 0.0001
[Step 59000] CosSim: 1.0000 | RelErr: 0.0001
[Step 59100] CosSim: 1.0000 | RelErr: 0.0001
[Step 59200] CosSim: 1.0000 | RelErr: 0.0015
[Step 59300] CosSim: 1.0000 | RelErr: 0.0008
[Step 59400] CosSim: 1.0000 | RelErr: 0.0001
>>> Ep 76: Loss 0.2185 | ACC 92.47% | Avg K: 19.0
[Step 59500] CosSim: 1.0000 | RelErr: 0.0001
[Step 59600] CosSim: 1.0000 | RelErr: 0.0001
[Step 59700] CosSim: 1.0000 | RelErr: 0.0003
[Step 59800] CosSim: 1.0000 | RelErr: 0.0001
[Step 59900] CosSim: 1.0000 | RelErr: 0.0001
[Step 60000] CosSim: 1.0000 | RelErr: 0.0005
[Step 60100] CosSim: 1.0000 | RelErr: 0.0006
[Step 60200] CosSim: 1.0000 | RelErr: 0.0001
>>> Ep 77: Loss 0.2129 | ACC 92.47% | Avg K: 19.0
[Step 60300] CosSim: 1.0000 | RelErr: 0.0001
[Step 60400] CosSim: 1.0000 | RelErr: 0.0078
[Step 60500] CosSim: 1.0000 | RelErr: 0.0002
[Step 60600] CosSim: 1.0000 | RelErr: 0.0001
[Step 60700] CosSim: 0.9999 | RelErr: 0.0140
[Step 60800] CosSim: 1.0000 | RelErr: 0.0009
[Step 60900] CosSim: 1.0000 | RelErr: 0.0001
>>> Ep 78: Loss 0.2128 | ACC 92.55% | Avg K: 19.0
[Step 61000] CosSim: 1.0000 | RelErr: 0.0001
[Step 61100] CosSim: 1.0000 | RelErr: 0.0001
[Step 61200] CosSim: 1.0000 | RelErr: 0.0001
[Step 61300] CosSim: 1.0000 | RelErr: 0.0001
[Step 61400] CosSim: 1.0000 | RelErr: 0.0001
[Step 61500] CosSim: 1.0000 | RelErr: 0.0001
[Step 61600] CosSim: 1.0000 | RelErr: 0.0001
[Step 61700] CosSim: 1.0000 | RelErr: 0.0001
>>> Ep 79: Loss 0.2054 | ACC 92.55% | Avg K: 19.0
[Step 61800] CosSim: 1.0000 | RelErr: 0.0001
[Step 61900] CosSim: 1.0000 | RelErr: 0.0001
[Step 62000] CosSim: 1.0000 | RelErr: 0.0002
[Step 62100] CosSim: 1.0000 | RelErr: 0.0001
[Step 62200] CosSim: 1.0000 | RelErr: 0.0001
[Step 62300] CosSim: 1.0000 | RelErr: 0.0003
[Step 62400] CosSim: 1.0000 | RelErr: 0.0001
[Step 62500] CosSim: 1.0000 | RelErr: 0.0044
>>> Ep 80: Loss 0.1989 | ACC 92.58% | Avg K: 19.0
[Step 62600] CosSim: 1.0000 | RelErr: 0.0001
[Step 62700] CosSim: 1.0000 | RelErr: 0.0001
[Step 62800] CosSim: 1.0000 | RelErr: 0.0001
[Step 62900] CosSim: 1.0000 | RelErr: 0.0001
[Step 63000] CosSim: 1.0000 | RelErr: 0.0001
[Step 63100] CosSim: 1.0000 | RelErr: 0.0001
[Step 63200] CosSim: 1.0000 | RelErr: 0.0001
[Step 63300] CosSim: 1.0000 | RelErr: 0.0003
>>> Ep 81: Loss 0.1969 | ACC 92.50% | Avg K: 19.0
[Step 63400] CosSim: 1.0000 | RelErr: 0.0008
[Step 63500] CosSim: 1.0000 | RelErr: 0.0011
[Step 63600] CosSim: 1.0000 | RelErr: 0.0001
[Step 63700] CosSim: 1.0000 | RelErr: 0.0007
[Step 63800] CosSim: 1.0000 | RelErr: 0.0001
[Step 63900] CosSim: 1.0000 | RelErr: 0.0001
[Step 64000] CosSim: 1.0000 | RelErr: 0.0001
[Step 64100] CosSim: 1.0000 | RelErr: 0.0001
>>> Ep 82: Loss 0.1925 | ACC 92.53% | Avg K: 19.0
[Step 64200] CosSim: 1.0000 | RelErr: 0.0004
[Step 64300] CosSim: 1.0000 | RelErr: 0.0044
[Step 64400] CosSim: 1.0000 | RelErr: 0.0001
[Step 64500] CosSim: 1.0000 | RelErr: 0.0001
[Step 64600] CosSim: 1.0000 | RelErr: 0.0001
[Step 64700] CosSim: 1.0000 | RelErr: 0.0002
[Step 64800] CosSim: 1.0000 | RelErr: 0.0001
[Step 64900] CosSim: 1.0000 | RelErr: 0.0001
>>> Ep 83: Loss 0.1910 | ACC 92.56% | Avg K: 19.0
[Step 65000] CosSim: 1.0000 | RelErr: 0.0002
[Step 65100] CosSim: 1.0000 | RelErr: 0.0001
[Step 65200] CosSim: 1.0000 | RelErr: 0.0002
[Step 65300] CosSim: 1.0000 | RelErr: 0.0002
[Step 65400] CosSim: 1.0000 | RelErr: 0.0010
[Step 65500] CosSim: 1.0000 | RelErr: 0.0001
[Step 65600] CosSim: 1.0000 | RelErr: 0.0010
>>> Ep 84: Loss 0.1844 | ACC 92.50% | Avg K: 19.0
[Step 65700] CosSim: 1.0000 | RelErr: 0.0001
[Step 65800] CosSim: 1.0000 | RelErr: 0.0001
[Step 65900] CosSim: 1.0000 | RelErr: 0.0001
[Step 66000] CosSim: 1.0000 | RelErr: 0.0001
[Step 66100] CosSim: 1.0000 | RelErr: 0.0002
[Step 66200] CosSim: 1.0000 | RelErr: 0.0001
[Step 66300] CosSim: 1.0000 | RelErr: 0.0001
[Step 66400] CosSim: 1.0000 | RelErr: 0.0007
>>> Ep 85: Loss 0.1829 | ACC 92.49% | Avg K: 19.0
[Step 66500] CosSim: 1.0000 | RelErr: 0.0001
[Step 66600] CosSim: 1.0000 | RelErr: 0.0006
[Step 66700] CosSim: 1.0000 | RelErr: 0.0001
[Step 66800] CosSim: 1.0000 | RelErr: 0.0001
[Step 66900] CosSim: 1.0000 | RelErr: 0.0001
[Step 67000] CosSim: 1.0000 | RelErr: 0.0029
[Step 67100] CosSim: 1.0000 | RelErr: 0.0004
[Step 67200] CosSim: 1.0000 | RelErr: 0.0006
>>> Ep 86: Loss 0.1796 | ACC 92.52% | Avg K: 19.0
[Step 67300] CosSim: 1.0000 | RelErr: 0.0002
[Step 67400] CosSim: 1.0000 | RelErr: 0.0002
[Step 67500] CosSim: 1.0000 | RelErr: 0.0001
[Step 67600] CosSim: 1.0000 | RelErr: 0.0002
[Step 67700] CosSim: 1.0000 | RelErr: 0.0001
[Step 67800] CosSim: 1.0000 | RelErr: 0.0028
[Step 67900] CosSim: 1.0000 | RelErr: 0.0003
[Step 68000] CosSim: 0.9999 | RelErr: 0.0169
>>> Ep 87: Loss 0.1747 | ACC 92.55% | Avg K: 19.0
[Step 68100] CosSim: 1.0000 | RelErr: 0.0008
[Step 68200] CosSim: 1.0000 | RelErr: 0.0001
[Step 68300] CosSim: 1.0000 | RelErr: 0.0002
[Step 68400] CosSim: 1.0000 | RelErr: 0.0002
[Step 68500] CosSim: 1.0000 | RelErr: 0.0009
[Step 68600] CosSim: 1.0000 | RelErr: 0.0001
[Step 68700] CosSim: 1.0000 | RelErr: 0.0001
[Step 68800] CosSim: 1.0000 | RelErr: 0.0006
>>> Ep 88: Loss 0.1727 | ACC 92.65% | Avg K: 19.0
[Step 68900] CosSim: 1.0000 | RelErr: 0.0001
[Step 69000] CosSim: 1.0000 | RelErr: 0.0003
[Step 69100] CosSim: 1.0000 | RelErr: 0.0003
[Step 69200] CosSim: 1.0000 | RelErr: 0.0001
[Step 69300] CosSim: 1.0000 | RelErr: 0.0001
[Step 69400] CosSim: 1.0000 | RelErr: 0.0001
[Step 69500] CosSim: 1.0000 | RelErr: 0.0001
>>> Ep 89: Loss 0.1732 | ACC 92.67% | Avg K: 19.0
[Step 69600] CosSim: 1.0000 | RelErr: 0.0001
[Step 69700] CosSim: 1.0000 | RelErr: 0.0024
[Step 69800] CosSim: 1.0000 | RelErr: 0.0001
[Step 69900] CosSim: 1.0000 | RelErr: 0.0001
[Step 70000] CosSim: 1.0000 | RelErr: 0.0001
[Step 70100] CosSim: 1.0000 | RelErr: 0.0001
[Step 70200] CosSim: 1.0000 | RelErr: 0.0004
[Step 70300] CosSim: 1.0000 | RelErr: 0.0001
>>> Ep 90: Loss 0.1699 | ACC 92.63% | Avg K: 19.0
[Step 70400] CosSim: 1.0000 | RelErr: 0.0004
[Step 70500] CosSim: 1.0000 | RelErr: 0.0001
[Step 70600] CosSim: 1.0000 | RelErr: 0.0001
[Step 70700] CosSim: 1.0000 | RelErr: 0.0022
[Step 70800] CosSim: 1.0000 | RelErr: 0.0001
[Step 70900] CosSim: 1.0000 | RelErr: 0.0033
[Step 71000] CosSim: 1.0000 | RelErr: 0.0001
[Step 71100] CosSim: 1.0000 | RelErr: 0.0030
>>> Ep 91: Loss 0.1668 | ACC 92.61% | Avg K: 19.0
[Step 71200] CosSim: 1.0000 | RelErr: 0.0002
[Step 71300] CosSim: 1.0000 | RelErr: 0.0002
[Step 71400] CosSim: 1.0000 | RelErr: 0.0001
[Step 71500] CosSim: 1.0000 | RelErr: 0.0001
[Step 71600] CosSim: 1.0000 | RelErr: 0.0002
[Step 71700] CosSim: 1.0000 | RelErr: 0.0003
[Step 71800] CosSim: 1.0000 | RelErr: 0.0002
[Step 71900] CosSim: 1.0000 | RelErr: 0.0004
>>> Ep 92: Loss 0.1660 | ACC 92.63% | Avg K: 19.0
[Step 72000] CosSim: 1.0000 | RelErr: 0.0001
[Step 72100] CosSim: 1.0000 | RelErr: 0.0002
[Step 72200] CosSim: 1.0000 | RelErr: 0.0001
[Step 72300] CosSim: 1.0000 | RelErr: 0.0001
[Step 72400] CosSim: 1.0000 | RelErr: 0.0002
[Step 72500] CosSim: 1.0000 | RelErr: 0.0002
[Step 72600] CosSim: 1.0000 | RelErr: 0.0003
[Step 72700] CosSim: 1.0000 | RelErr: 0.0001
>>> Ep 93: Loss 0.1650 | ACC 92.57% | Avg K: 19.0
[Step 72800] CosSim: 1.0000 | RelErr: 0.0001
[Step 72900] CosSim: 1.0000 | RelErr: 0.0001
[Step 73000] CosSim: 1.0000 | RelErr: 0.0002
[Step 73100] CosSim: 1.0000 | RelErr: 0.0003
[Step 73200] CosSim: 1.0000 | RelErr: 0.0001
[Step 73300] CosSim: 1.0000 | RelErr: 0.0002
[Step 73400] CosSim: 1.0000 | RelErr: 0.0001
[Step 73500] CosSim: 1.0000 | RelErr: 0.0002
>>> Ep 94: Loss 0.1632 | ACC 92.50% | Avg K: 19.0
[Step 73600] CosSim: 1.0000 | RelErr: 0.0001
[Step 73700] CosSim: 1.0000 | RelErr: 0.0001
[Step 73800] CosSim: 1.0000 | RelErr: 0.0001
[Step 73900] CosSim: 1.0000 | RelErr: 0.0003
[Step 74000] CosSim: 1.0000 | RelErr: 0.0001
[Step 74100] CosSim: 1.0000 | RelErr: 0.0002
[Step 74200] CosSim: 1.0000 | RelErr: 0.0001
>>> Ep 95: Loss 0.1627 | ACC 92.42% | Avg K: 19.0
[Step 74300] CosSim: 1.0000 | RelErr: 0.0001
[Step 74400] CosSim: 1.0000 | RelErr: 0.0001
[Step 74500] CosSim: 1.0000 | RelErr: 0.0003
[Step 74600] CosSim: 1.0000 | RelErr: 0.0001
[Step 74700] CosSim: 1.0000 | RelErr: 0.0008
[Step 74800] CosSim: 1.0000 | RelErr: 0.0001
[Step 74900] CosSim: 1.0000 | RelErr: 0.0001
[Step 75000] CosSim: 1.0000 | RelErr: 0.0018
>>> Ep 96: Loss 0.1628 | ACC 92.44% | Avg K: 19.0
[Step 75100] CosSim: 1.0000 | RelErr: 0.0002
[Step 75200] CosSim: 1.0000 | RelErr: 0.0001
[Step 75300] CosSim: 1.0000 | RelErr: 0.0002
[Step 75400] CosSim: 1.0000 | RelErr: 0.0001
[Step 75500] CosSim: 1.0000 | RelErr: 0.0001
[Step 75600] CosSim: 1.0000 | RelErr: 0.0001
[Step 75700] CosSim: 1.0000 | RelErr: 0.0004
[Step 75800] CosSim: 1.0000 | RelErr: 0.0006
>>> Ep 97: Loss 0.1607 | ACC 92.47% | Avg K: 19.0
[Step 75900] CosSim: 1.0000 | RelErr: 0.0001
[Step 76000] CosSim: 1.0000 | RelErr: 0.0007
[Step 76100] CosSim: 1.0000 | RelErr: 0.0001
[Step 76200] CosSim: 1.0000 | RelErr: 0.0025
[Step 76300] CosSim: 1.0000 | RelErr: 0.0001
[Step 76400] CosSim: 1.0000 | RelErr: 0.0001
[Step 76500] CosSim: 1.0000 | RelErr: 0.0001
[Step 76600] CosSim: 1.0000 | RelErr: 0.0001
>>> Ep 98: Loss 0.1588 | ACC 92.51% | Avg K: 19.0
[Step 76700] CosSim: 1.0000 | RelErr: 0.0001
[Step 76800] CosSim: 1.0000 | RelErr: 0.0001
[Step 76900] CosSim: 1.0000 | RelErr: 0.0002
[Step 77000] CosSim: 1.0000 | RelErr: 0.0001
[Step 77100] CosSim: 1.0000 | RelErr: 0.0001
[Step 77200] CosSim: 1.0000 | RelErr: 0.0005
[Step 77300] CosSim: 1.0000 | RelErr: 0.0003
[Step 77400] CosSim: 1.0000 | RelErr: 0.0013
>>> Ep 99: Loss 0.1594 | ACC 92.49% | Avg K: 19.0
[Step 77500] CosSim: 1.0000 | RelErr: 0.0009
[Step 77600] CosSim: 1.0000 | RelErr: 0.0010
[Step 77700] CosSim: 1.0000 | RelErr: 0.0001
[Step 77800] CosSim: 1.0000 | RelErr: 0.0001
[Step 77900] CosSim: 1.0000 | RelErr: 0.0001
[Step 78000] CosSim: 1.0000 | RelErr: 0.0001
[Step 78100] CosSim: 1.0000 | RelErr: 0.0001
>>> Ep 100: Loss 0.1602 | ACC 92.54% | Avg K: 19.0
Generating Plots...
Saved cnn9_grad_fidelity.png
Saved cnn9_convergence_steps.png

Final Test Accuracy: 92.54%
Job end at Mon Dec 29 06:11:52 PM CET 2025
